Arguments: 
  C:\Program Files\nodejs\node.exe C:\Users\fernando.lopes\AppData\Roaming\npm\node_modules\yarn\bin\yarn.js init -t

PATH: 
  C:\Users\fernando.lopes\bin;C:\Program Files\Git\mingw64\bin;C:\Program Files\Git\usr\local\bin;C:\Program Files\Git\usr\bin;C:\Program Files\Git\usr\bin;C:\Program Files\Git\mingw64\bin;C:\Program Files\Git\usr\bin;C:\Users\fernando.lopes\bin;C:\Python39\Scripts;C:\Python39;C:\Program Files (x86)\Common Files\Oracle\Java\javapath;C:\Oracle\product\19.0.0\client_1\bin;C:\Windows\system32;C:\Windows;C:\Windows\System32\Wbem;C:\Windows\System32\WindowsPowerShell\v1.0;C:\Windows\System32\OpenSSH;C:\Program Files (x86)\Kaspersky Lab\Kaspersky Endpoint Security for Windows;C:\Program Files\Git\cmd;C:\ProgramData\chocolatey\bin;C:\Users\fernando.lopes\AppData\Roaming\nvm;C:\Program Files\nodejs;C:\Program Files (x86)\Kaspersky Lab\Endpoint Agent;C:\Users\fernando.lopes\AppData\Local\Microsoft\WindowsApps;C:\Users\fernando.lopes\AppData\Local\Programs\Microsoft VS Code\bin;C:\Users\fernando.lopes\AppData\Roaming\npm;C:\Users\fernando.lopes\AppData\Local\Android\Sdk\platform-tools;C:\Users\fernando.lopes\AppData\Roaming\nvm;C:\Program Files\nodejs;C:\Program Files\Git\usr\bin\vendor_perl;C:\Program Files\Git\usr\bin\core_perl

Yarn version: 
  1.22.11

Node version: 
  14.17.3

Platform: 
  win32 x64

Trace: 
  Error: canceled
      at Interface.<anonymous> (C:\Users\fernando.lopes\AppData\Roaming\npm\node_modules\yarn\lib\cli.js:137023:13)
      at Interface.emit (events.js:375:28)
      at Interface._ttyWrite (readline.js:910:16)
      at ReadStream.onkeypress (readline.js:235:10)
      at ReadStream.emit (events.js:375:28)
      at emitKeys (internal/readline/utils.js:358:14)
      at emitKeys.next (<anonymous>)
      at ReadStream.onData (readline.js:1179:36)
      at ReadStream.emit (events.js:375:28)
      at addChunk (internal/streams/readable.js:290:12)

npm manifest: 
  No manifest

yarn manifest: 
  No manifest

Lockfile: 
  No lockfile
